<?xml version="1.0" encoding="UTF-8"?>
<!-- Generated by org.testng.reporters.JUnitXMLReporter -->
<testsuite hostname="WGC1001DLVQ73" ignored="0" name="Test" tests="5" failures="0" timestamp="2022-03-21T09:33:46 IST" time="214.565" errors="0">
  <testcase name="panIndWebsite" time="25.908" classname="testcases.TC003"/>
  <testcase name="phpTravels" time="26.378" classname="testcases.TC002"/>
  <testcase name="bookYourCoach" time="63.665" classname="testcases.TC005"/>
  <testcase name="irctcSignUp" time="75.608" classname="testcases.TC004"/>
  <testcase name="facebookSignup" time="22.949" classname="testcases.TC001"/>
</testsuite> <!-- Test -->
