<?xml version="1.0" encoding="UTF-8"?>
<!-- Generated by org.testng.reporters.JUnitXMLReporter -->
<testsuite hostname="WGC1001DLVQ73" ignored="0" name="Default test" tests="3" failures="0" timestamp="2022-03-30T10:35:23 IST" time="58.556" errors="0">
  <testcase name="panIndWebsite" time="19.786" classname="testcases.TC003"/>
  <testcase name="panIndWebsite" time="19.256" classname="testcases.TC003"/>
  <testcase name="panIndWebsite" time="19.148" classname="testcases.TC003"/>
</testsuite> <!-- Default test -->
