<?xml version="1.0" encoding="UTF-8"?>
<testng-results skipped="0" failed="0" ignored="0" total="3" passed="3">
  <reporter-output>
  </reporter-output>
  <suite name="Default suite" duration-ms="58556" started-at="2022-03-30T10:34:25 IST" finished-at="2022-03-30T10:35:23 IST">
    <groups>
    </groups>
    <test name="Default test" duration-ms="58556" started-at="2022-03-30T10:34:25 IST" finished-at="2022-03-30T10:35:23 IST">
      <class name="testcases.TC003">
        <test-method status="PASS" signature="panIndWebsite(java.lang.String,java.lang.String,java.lang.String,java.lang.String,java.lang.String,java.lang.String,java.lang.String,java.lang.String,java.lang.String,java.lang.String,java.lang.String,java.lang.String,java.lang.String,java.lang.String,java.lang.String,java.lang.String,java.lang.String,java.lang.String,java.lang.String,java.lang.String,java.lang.String,java.lang.String,java.lang.String,java.lang.String,java.lang.String,java.lang.String,java.lang.String)[pri:0, instance:testcases.TC003@50d0686]" name="panIndWebsite" duration-ms="19786" started-at="2022-03-30T10:34:25 IST" data-provider="fetchData" finished-at="2022-03-30T10:34:45 IST">
          <params>
            <param index="0">
              <value>
                <![CDATA[MR.]]>
              </value>
            </param>
            <param index="1">
              <value>
                <![CDATA[Rahul]]>
              </value>
            </param>
            <param index="2">
              <value>
                <![CDATA[Hari]]>
              </value>
            </param>
            <param index="3">
              <value>
                <![CDATA[Prasad]]>
              </value>
            </param>
            <param index="4">
              <value>
                <![CDATA[Guru]]>
              </value>
            </param>
            <param index="5">
              <value>
                <![CDATA[Sri]]>
              </value>
            </param>
            <param index="6">
              <value>
                <![CDATA[Anand]]>
              </value>
            </param>
            <param index="7">
              <value>
                <![CDATA[9632587412]]>
              </value>
            </param>
            <param index="8">
              <value>
                <![CDATA[hari89@gmail.com]]>
              </value>
            </param>
            <param index="9">
              <value>
                <![CDATA[Salary]]>
              </value>
            </param>
            <param index="10">
              <value>
                <![CDATA[04121991]]>
              </value>
            </param>
            <param index="11">
              <value>
                <![CDATA[no 12]]>
              </value>
            </param>
            <param index="12">
              <value>
                <![CDATA[Cholai Nagar]]>
              </value>
            </param>
            <param index="13">
              <value>
                <![CDATA[Chennai]]>
              </value>
            </param>
            <param index="14">
              <value>
                <![CDATA[Tamil Nadu]]>
              </value>
            </param>
            <param index="15">
              <value>
                <![CDATA[600063]]>
              </value>
            </param>
            <param index="16">
              <value>
                <![CDATA[CHOLA Ltd]]>
              </value>
            </param>
            <param index="17">
              <value>
                <![CDATA[no 9, Chola Street]]>
              </value>
            </param>
            <param index="18">
              <value>
                <![CDATA[GST Road]]>
              </value>
            </param>
            <param index="19">
              <value>
                <![CDATA[Chennai]]>
              </value>
            </param>
            <param index="20">
              <value>
                <![CDATA[600042]]>
              </value>
            </param>
            <param index="21">
              <value>
                <![CDATA[Tamil Nadu]]>
              </value>
            </param>
            <param index="22">
              <value>
                <![CDATA[Aadhar Card issued by UIDAI(In Copy)]]>
              </value>
            </param>
            <param index="23">
              <value>
                <![CDATA[Aadhar Card issued by UIDAI(In Copy)]]>
              </value>
            </param>
            <param index="24">
              <value>
                <![CDATA[Aadhar Card issued by UIDAI(In Copy)]]>
              </value>
            </param>
            <param index="25">
              <value>
                <![CDATA[Copy of Aadhaar Card / Letter]]>
              </value>
            </param>
            <param index="26">
              <value>
                <![CDATA[Credit Card statement carrying Office Address]]>
              </value>
            </param>
          </params>
          <reporter-output>
          </reporter-output>
        </test-method> <!-- panIndWebsite -->
        <test-method status="PASS" signature="panIndWebsite(java.lang.String,java.lang.String,java.lang.String,java.lang.String,java.lang.String,java.lang.String,java.lang.String,java.lang.String,java.lang.String,java.lang.String,java.lang.String,java.lang.String,java.lang.String,java.lang.String,java.lang.String,java.lang.String,java.lang.String,java.lang.String,java.lang.String,java.lang.String,java.lang.String,java.lang.String,java.lang.String,java.lang.String,java.lang.String,java.lang.String,java.lang.String)[pri:0, instance:testcases.TC003@50d0686]" name="panIndWebsite" duration-ms="19256" started-at="2022-03-30T10:34:45 IST" data-provider="fetchData" finished-at="2022-03-30T10:35:04 IST">
          <params>
            <param index="0">
              <value>
                <![CDATA[MR.]]>
              </value>
            </param>
            <param index="1">
              <value>
                <![CDATA[Siva]]>
              </value>
            </param>
            <param index="2">
              <value>
                <![CDATA[S]]>
              </value>
            </param>
            <param index="3">
              <value>
                <![CDATA[Vasanth]]>
              </value>
            </param>
            <param index="4">
              <value>
                <![CDATA[Raj]]>
              </value>
            </param>
            <param index="5">
              <value>
                <![CDATA[Sri]]>
              </value>
            </param>
            <param index="6">
              <value>
                <![CDATA[Pavan]]>
              </value>
            </param>
            <param index="7">
              <value>
                <![CDATA[9263987413]]>
              </value>
            </param>
            <param index="8">
              <value>
                <![CDATA[raj8908@gmail.com]]>
              </value>
            </param>
            <param index="9">
              <value>
                <![CDATA[Salary]]>
              </value>
            </param>
            <param index="10">
              <value>
                <![CDATA[8061996]]>
              </value>
            </param>
            <param index="11">
              <value>
                <![CDATA[no 1]]>
              </value>
            </param>
            <param index="12">
              <value>
                <![CDATA[Gandhi Nagar]]>
              </value>
            </param>
            <param index="13">
              <value>
                <![CDATA[Chennai]]>
              </value>
            </param>
            <param index="14">
              <value>
                <![CDATA[Tamil Nadu]]>
              </value>
            </param>
            <param index="15">
              <value>
                <![CDATA[600032]]>
              </value>
            </param>
            <param index="16">
              <value>
                <![CDATA[CHOLA Ltd]]>
              </value>
            </param>
            <param index="17">
              <value>
                <![CDATA[no 2, Gurukalam Street]]>
              </value>
            </param>
            <param index="18">
              <value>
                <![CDATA[GST Road]]>
              </value>
            </param>
            <param index="19">
              <value>
                <![CDATA[Chennai]]>
              </value>
            </param>
            <param index="20">
              <value>
                <![CDATA[600089]]>
              </value>
            </param>
            <param index="21">
              <value>
                <![CDATA[Tamil Nadu]]>
              </value>
            </param>
            <param index="22">
              <value>
                <![CDATA[Aadhar Card issued by UIDAI(In Copy)]]>
              </value>
            </param>
            <param index="23">
              <value>
                <![CDATA[Aadhar Card issued by UIDAI(In Copy)]]>
              </value>
            </param>
            <param index="24">
              <value>
                <![CDATA[Aadhar Card issued by UIDAI(In Copy)]]>
              </value>
            </param>
            <param index="25">
              <value>
                <![CDATA[Copy of Aadhaar Card / Letter]]>
              </value>
            </param>
            <param index="26">
              <value>
                <![CDATA[Credit Card statement carrying Office Address]]>
              </value>
            </param>
          </params>
          <reporter-output>
          </reporter-output>
        </test-method> <!-- panIndWebsite -->
        <test-method status="PASS" signature="panIndWebsite(java.lang.String,java.lang.String,java.lang.String,java.lang.String,java.lang.String,java.lang.String,java.lang.String,java.lang.String,java.lang.String,java.lang.String,java.lang.String,java.lang.String,java.lang.String,java.lang.String,java.lang.String,java.lang.String,java.lang.String,java.lang.String,java.lang.String,java.lang.String,java.lang.String,java.lang.String,java.lang.String,java.lang.String,java.lang.String,java.lang.String,java.lang.String)[pri:0, instance:testcases.TC003@50d0686]" name="panIndWebsite" duration-ms="19148" started-at="2022-03-30T10:35:04 IST" data-provider="fetchData" finished-at="2022-03-30T10:35:23 IST">
          <params>
            <param index="0">
              <value>
                <![CDATA[MR.]]>
              </value>
            </param>
            <param index="1">
              <value>
                <![CDATA[Parasu]]>
              </value>
            </param>
            <param index="2">
              <value>
                <![CDATA[S]]>
              </value>
            </param>
            <param index="3">
              <value>
                <![CDATA[Raman]]>
              </value>
            </param>
            <param index="4">
              <value>
                <![CDATA[Vasu]]>
              </value>
            </param>
            <param index="5">
              <value>
                <![CDATA[K]]>
              </value>
            </param>
            <param index="6">
              <value>
                <![CDATA[Jeeva]]>
              </value>
            </param>
            <param index="7">
              <value>
                <![CDATA[9263987409]]>
              </value>
            </param>
            <param index="8">
              <value>
                <![CDATA[parasu8@gmail.com]]>
              </value>
            </param>
            <param index="9">
              <value>
                <![CDATA[Salary]]>
              </value>
            </param>
            <param index="10">
              <value>
                <![CDATA[8061989]]>
              </value>
            </param>
            <param index="11">
              <value>
                <![CDATA[no 7]]>
              </value>
            </param>
            <param index="12">
              <value>
                <![CDATA[Nehru Nagar]]>
              </value>
            </param>
            <param index="13">
              <value>
                <![CDATA[Chennai]]>
              </value>
            </param>
            <param index="14">
              <value>
                <![CDATA[Tamil Nadu]]>
              </value>
            </param>
            <param index="15">
              <value>
                <![CDATA[600085]]>
              </value>
            </param>
            <param index="16">
              <value>
                <![CDATA[CHOLA Ltd]]>
              </value>
            </param>
            <param index="17">
              <value>
                <![CDATA[no 2, Jeevam nagar]]>
              </value>
            </param>
            <param index="18">
              <value>
                <![CDATA[GST Road]]>
              </value>
            </param>
            <param index="19">
              <value>
                <![CDATA[Chennai]]>
              </value>
            </param>
            <param index="20">
              <value>
                <![CDATA[600091]]>
              </value>
            </param>
            <param index="21">
              <value>
                <![CDATA[Tamil Nadu]]>
              </value>
            </param>
            <param index="22">
              <value>
                <![CDATA[Aadhar Card issued by UIDAI(In Copy)]]>
              </value>
            </param>
            <param index="23">
              <value>
                <![CDATA[Aadhar Card issued by UIDAI(In Copy)]]>
              </value>
            </param>
            <param index="24">
              <value>
                <![CDATA[Aadhar Card issued by UIDAI(In Copy)]]>
              </value>
            </param>
            <param index="25">
              <value>
                <![CDATA[Copy of Aadhaar Card / Letter]]>
              </value>
            </param>
            <param index="26">
              <value>
                <![CDATA[Credit Card statement carrying Office Address]]>
              </value>
            </param>
          </params>
          <reporter-output>
          </reporter-output>
        </test-method> <!-- panIndWebsite -->
      </class> <!-- testcases.TC003 -->
    </test> <!-- Default test -->
  </suite> <!-- Default suite -->
</testng-results>
